<?xml version="1.0" encoding="UTF-8"?>
<!-- Generated by org.testng.reporters.JUnitReportReporter -->
<testsuite hostname="LAPTOP-C30RMPD3" failures="0" tests="1" name="com.travel.frame.tavel.suites.BookAppointment" time="0.011" errors="0" timestamp="8 Apr 2023 19:45:35 GMT">
  <testcase classname="com.travel.frame.tavel.suites.BookAppointment" name="bookAppointment" time="0.011"/>
</testsuite> <!-- com.travel.frame.tavel.suites.BookAppointment -->
